app/build/intermediates/manifest_merge_blame_file/debug/manifest-merger-blame-debug-report.txt
1<?xml version="1.0" encoding="utf-8"?>
2<manifest xmlns:android="http://schemas.android.com/apk/res/android"
3    xmlns:dist="http://schemas.android.com/apk/distribution"
4    package="org.tensorflow.lite.examples.objectdetection"
5    android:versionCode="1"
6    android:versionName="1.0.0" >
7
8    <uses-sdk
9        android:minSdkVersion="21"
9-->src\main\AndroidManifest.xml
10        android:targetSdkVersion="32" />
10-->src\main\AndroidManifest.xml
11    <!-- Enable instant app support -->
12    <dist:module dist:instant="true" /> <!-- Declare features -->
12-->src\main\AndroidManifest.xml:7:5-40
12-->src\main\AndroidManifest.xml:7:18-37
13    <uses-feature android:name="android.hardware.camera" /> <!-- Declare permissions -->
13-->src\main\AndroidManifest.xml:8:5-60
13-->src\main\AndroidManifest.xml:8:19-57
14    <uses-permission android:name="android.permission.CAMERA" />
14-->src\main\AndroidManifest.xml:9:5-65
14-->src\main\AndroidManifest.xml:9:22-62
15    <uses-permission android:name="android.permission.WRITE_EXTERNAL_STORAGE" />
16    <uses-permission android:name="android.permission.READ_PHONE_STATE" />
17    <uses-permission android:name="android.permission.READ_EXTERNAL_STORAGE" />
18
19    <application
19-->src\main\AndroidManifest.xml:11:5-110:19
20        android:allowBackup="true"
20-->src\main\AndroidManifest.xml:12:9-35
21        android:appComponentFactory="androidx.core.app.CoreComponentFactory"
21-->[androidx.core:core:1.6.0] AndroidManifest.xml:24:18-86
22        android:debuggable="true"
23        android:icon="@mipmap/ic_launcher"
23-->src\main\AndroidManifest.xml:13:9-43
24        android:label="@string/app_name"
24-->src\main\AndroidManifest.xml:14:9-41
25        android:roundIcon="@mipmap/ic_launcher_round"
25-->src\main\AndroidManifest.xml:15:9-54
26        android:taskAffinity=""
26-->src\main\AndroidManifest.xml:16:9-32
27        android:testOnly="true" >
28        <activity
28-->src\main\AndroidManifest.xml:18:9-22:71
29            android:name="org.tensorflow.lite.examples.objectdetection.MainMenu"
29-->src\main\AndroidManifest.xml:19:13-37
30            android:exported="false"
30-->src\main\AndroidManifest.xml:20:13-37
31            android:parentActivityName="org.tensorflow.lite.examples.objectdetection.MainMenu"
31-->src\main\AndroidManifest.xml:21:13-51
32            android:theme="@style/Theme.AppCompat.Light.NoActionBar" />
32-->src\main\AndroidManifest.xml:22:13-69
33        <activity
33-->src\main\AndroidManifest.xml:24:9-51:20
34            android:name="org.tensorflow.lite.examples.objectdetection.MainActivity"
34-->src\main\AndroidManifest.xml:25:13-41
35            android:clearTaskOnLaunch="true"
35-->src\main\AndroidManifest.xml:26:13-45
36            android:configChanges="orientation|screenLayout|screenSize|smallestScreenSize"
36-->src\main\AndroidManifest.xml:27:13-91
37            android:exported="true"
37-->src\main\AndroidManifest.xml:28:13-36
38            android:icon="@mipmap/ic_launcher"
38-->src\main\AndroidManifest.xml:29:13-47
39            android:parentActivityName="org.tensorflow.lite.examples.objectdetection.MenuScreen"
39-->src\main\AndroidManifest.xml:30:13-53
40            android:resizeableActivity="true"
40-->src\main\AndroidManifest.xml:31:13-46
41            android:rotationAnimation="seamless"
41-->src\main\AndroidManifest.xml:32:13-49
42            android:roundIcon="@mipmap/ic_launcher_round"
42-->src\main\AndroidManifest.xml:33:13-58
43            android:theme="@style/AppTheme" >
43-->src\main\AndroidManifest.xml:34:13-44
44
45            <!--
46            Main app intent filter
47
48            <intent-filter>
49                <action android:name="android.intent.action.MAIN" />
50                <category android:name="android.intent.category.LAUNCHER" />
51            </intent-filter>
52            -->
53
54
55            <!-- Declare notch support -->
56            <meta-data
56-->src\main\AndroidManifest.xml:48:13-50:40
57                android:name="android.notch_support"
57-->src\main\AndroidManifest.xml:49:17-53
58                android:value="true" />
58-->src\main\AndroidManifest.xml:50:17-37
59        </activity>
60        <activity
60-->src\main\AndroidManifest.xml:52:9-61:20
61            android:name="org.tensorflow.lite.examples.objectdetection.SplashScreen"
61-->src\main\AndroidManifest.xml:53:13-41
62            android:exported="true"
62-->src\main\AndroidManifest.xml:54:13-36
63            android:theme="@style/Theme.AppCompat.Light.NoActionBar" >
63-->src\main\AndroidManifest.xml:55:13-69
64            <intent-filter>
64-->src\main\AndroidManifest.xml:56:13-60:29
65                <action android:name="android.intent.action.MAIN" />
65-->src\main\AndroidManifest.xml:57:17-69
65-->src\main\AndroidManifest.xml:57:25-66
66
67                <category android:name="android.intent.category.LAUNCHER" />
67-->src\main\AndroidManifest.xml:59:17-77
67-->src\main\AndroidManifest.xml:59:27-74
68            </intent-filter>
69        </activity>
70        <activity
70-->src\main\AndroidManifest.xml:63:9-72:20
71            android:name="org.tensorflow.lite.examples.objectdetection.ClassesAlphabet"
71-->src\main\AndroidManifest.xml:64:13-44
72            android:exported="true"
72-->src\main\AndroidManifest.xml:65:13-36
73            android:label="ASL Alphabet"
73-->src\main\AndroidManifest.xml:66:13-41
74            android:parentActivityName="org.tensorflow.lite.examples.objectdetection.MainMenu"
74-->src\main\AndroidManifest.xml:67:13-51
75            android:theme="@style/Theme.Affirmations" >
75-->src\main\AndroidManifest.xml:68:13-54
76
77            <!-- android:theme="@style/Theme.AppCompat.Light.NoActionBar"> -->
78            <!-- android:theme="@style/Theme.Affirmations"> -->
79        </activity>
80        <activity
80-->src\main\AndroidManifest.xml:73:9-82:20
81            android:name="org.tensorflow.lite.examples.objectdetection.ClassesGame"
81-->src\main\AndroidManifest.xml:74:13-40
82            android:exported="true"
82-->src\main\AndroidManifest.xml:75:13-36
83            android:label="Rochambeau"
83-->src\main\AndroidManifest.xml:76:13-39
84            android:parentActivityName="org.tensorflow.lite.examples.objectdetection.MainMenu"
84-->src\main\AndroidManifest.xml:77:13-51
85            android:theme="@style/Theme.Affirmations" >
85-->src\main\AndroidManifest.xml:78:13-54
86
87            <!-- android:theme="@style/Theme.AppCompat.Light.NoActionBar"> -->
88            <!-- android:theme="@style/Theme.Affirmations"> -->
89        </activity>
90        <activity
90-->src\main\AndroidManifest.xml:83:9-92:20
91            android:name="org.tensorflow.lite.examples.objectdetection.ClassesNumber"
91-->src\main\AndroidManifest.xml:84:13-42
92            android:exported="true"
92-->src\main\AndroidManifest.xml:85:13-36
93            android:label="ASL Numbers"
93-->src\main\AndroidManifest.xml:86:13-40
94            android:parentActivityName="org.tensorflow.lite.examples.objectdetection.MainMenu"
94-->src\main\AndroidManifest.xml:87:13-51
95            android:theme="@style/Theme.Affirmations" >
95-->src\main\AndroidManifest.xml:88:13-54
96
97            <!-- android:theme="@style/Theme.AppCompat.Light.NoActionBar"> -->
98            <!-- android:theme="@style/Theme.Affirmations"> -->
99        </activity>
100        <activity
100-->src\main\AndroidManifest.xml:93:9-102:20
101            android:name="org.tensorflow.lite.examples.objectdetection.ClassesPhrase"
101-->src\main\AndroidManifest.xml:94:13-42
102            android:exported="true"
102-->src\main\AndroidManifest.xml:95:13-36
103            android:label="ASL Common Phrases"
103-->src\main\AndroidManifest.xml:96:13-47
104            android:parentActivityName="org.tensorflow.lite.examples.objectdetection.MainMenu"
104-->src\main\AndroidManifest.xml:97:13-51
105            android:theme="@style/Theme.Affirmations" >
105-->src\main\AndroidManifest.xml:98:13-54
106
107            <!-- android:theme="@style/Theme.AppCompat.Light.NoActionBar">  "@style/Theme.Affirmations" -->
108            <!-- android:theme="@style/Theme.Affirmations"> -->
109        </activity>
110        <activity
110-->src\main\AndroidManifest.xml:103:9-107:81
111            android:name="org.tensorflow.lite.examples.objectdetection.MenuScreen"
111-->src\main\AndroidManifest.xml:104:13-39
112            android:exported="true"
112-->src\main\AndroidManifest.xml:105:13-36
113            android:parentActivityName="org.tensorflow.lite.examples.objectdetection.MenuScreen"
113-->src\main\AndroidManifest.xml:106:13-53
114            android:theme="@style/Theme.AppCompat.Light.NoActionBar" />
114-->src\main\AndroidManifest.xml:107:13-69
115
116        <uses-library
116-->[androidx.window:window:1.0.0-alpha09] AndroidManifest.xml:25:9-27:40
117            android:name="androidx.window.extensions"
117-->[androidx.window:window:1.0.0-alpha09] AndroidManifest.xml:26:13-54
118            android:required="false" />
118-->[androidx.window:window:1.0.0-alpha09] AndroidManifest.xml:27:13-37
119        <uses-library
119-->[androidx.window:window:1.0.0-alpha09] AndroidManifest.xml:28:9-30:40
120            android:name="androidx.window.sidecar"
120-->[androidx.window:window:1.0.0-alpha09] AndroidManifest.xml:29:13-51
121            android:required="false" />
121-->[androidx.window:window:1.0.0-alpha09] AndroidManifest.xml:30:13-37
122
123        <service
123-->[androidx.camera:camera-camera2:1.1.0-beta03] AndroidManifest.xml:26:9-35:19
124            android:name="androidx.camera.core.impl.MetadataHolderService"
124-->[androidx.camera:camera-camera2:1.1.0-beta03] AndroidManifest.xml:27:13-75
125            android:enabled="false"
125-->[androidx.camera:camera-camera2:1.1.0-beta03] AndroidManifest.xml:28:13-36
126            android:exported="false" >
126-->[androidx.camera:camera-camera2:1.1.0-beta03] AndroidManifest.xml:29:13-37
127            <meta-data
127-->[androidx.camera:camera-camera2:1.1.0-beta03] AndroidManifest.xml:32:13-34:89
128                android:name="androidx.camera.core.impl.MetadataHolderService.DEFAULT_CONFIG_PROVIDER"
128-->[androidx.camera:camera-camera2:1.1.0-beta03] AndroidManifest.xml:33:17-103
129                android:value="androidx.camera.camera2.Camera2Config$DefaultProvider" />
129-->[androidx.camera:camera-camera2:1.1.0-beta03] AndroidManifest.xml:34:17-86
130        </service>
131
132        <provider
132-->[androidx.lifecycle:lifecycle-process:2.2.0] AndroidManifest.xml:25:9-29:43
133            android:name="androidx.lifecycle.ProcessLifecycleOwnerInitializer"
133-->[androidx.lifecycle:lifecycle-process:2.2.0] AndroidManifest.xml:26:13-79
134            android:authorities="org.tensorflow.lite.examples.objectdetection.lifecycle-process"
134-->[androidx.lifecycle:lifecycle-process:2.2.0] AndroidManifest.xml:27:13-69
135            android:exported="false"
135-->[androidx.lifecycle:lifecycle-process:2.2.0] AndroidManifest.xml:28:13-37
136            android:multiprocess="true" />
136-->[androidx.lifecycle:lifecycle-process:2.2.0] AndroidManifest.xml:29:13-40
137        <provider
137-->[androidx.profileinstaller:profileinstaller:1.1.0] AndroidManifest.xml:26:9-34:20
138            android:name="androidx.startup.InitializationProvider"
138-->[androidx.profileinstaller:profileinstaller:1.1.0] AndroidManifest.xml:27:13-67
139            android:authorities="org.tensorflow.lite.examples.objectdetection.androidx-startup"
139-->[androidx.profileinstaller:profileinstaller:1.1.0] AndroidManifest.xml:28:13-68
140            android:exported="false" >
140-->[androidx.profileinstaller:profileinstaller:1.1.0] AndroidManifest.xml:29:13-37
141            <meta-data
141-->[androidx.profileinstaller:profileinstaller:1.1.0] AndroidManifest.xml:31:13-33:52
142                android:name="androidx.profileinstaller.ProfileInstallerInitializer"
142-->[androidx.profileinstaller:profileinstaller:1.1.0] AndroidManifest.xml:32:17-85
143                android:value="androidx.startup" />
143-->[androidx.profileinstaller:profileinstaller:1.1.0] AndroidManifest.xml:33:17-49
144        </provider>
145
146        <receiver
146-->[androidx.profileinstaller:profileinstaller:1.1.0] AndroidManifest.xml:36:9-45:20
147            android:name="androidx.profileinstaller.ProfileInstallReceiver"
147-->[androidx.profileinstaller:profileinstaller:1.1.0] AndroidManifest.xml:37:13-76
148            android:directBootAware="false"
148-->[androidx.profileinstaller:profileinstaller:1.1.0] AndroidManifest.xml:38:13-44
149            android:enabled="true"
149-->[androidx.profileinstaller:profileinstaller:1.1.0] AndroidManifest.xml:39:13-35
150            android:exported="true"
150-->[androidx.profileinstaller:profileinstaller:1.1.0] AndroidManifest.xml:40:13-36
151            android:permission="android.permission.DUMP" >
151-->[androidx.profileinstaller:profileinstaller:1.1.0] AndroidManifest.xml:41:13-57
152            <intent-filter>
152-->[androidx.profileinstaller:profileinstaller:1.1.0] AndroidManifest.xml:42:13-44:29
153                <action android:name="androidx.profileinstaller.action.INSTALL_PROFILE" />
153-->[androidx.profileinstaller:profileinstaller:1.1.0] AndroidManifest.xml:43:17-91
153-->[androidx.profileinstaller:profileinstaller:1.1.0] AndroidManifest.xml:43:25-88
154            </intent-filter>
155        </receiver>
156    </application>
157
158</manifest>